'data.frame':	189 obs. of  10 variables:
 $ low  : int  0 0 0 0 0 0 0 0 0 0 ...
 $ age  : int  19 33 20 21 18 21 22 17 29 26 ...
 $ lwt  : int  182 155 105 108 107 124 118 103 123 113 ...
 $ race : int  2 3 1 1 1 3 1 3 1 1 ...
 $ smoke: int  0 0 1 1 1 0 0 0 1 1 ...
 $ ptl  : int  0 0 0 0 0 0 0 0 0 0 ...
 $ ht   : int  0 0 0 0 0 0 0 0 0 0 ...
 $ ui   : int  1 0 0 1 1 0 0 0 0 0 ...
 $ ftv  : int  0 3 1 2 0 0 1 1 1 0 ...
 $ bwt  : int  2523 2551 2557 2594 2600 2622 2637 2637 2663 2665 ...


Descriptive Statistics by low

+------------------+--------------------+--------------------+
|                  |0                   |1                   |
|                  |(N=130)             |(N=59)              |
+------------------+--------------------+--------------------+
|age               |   19.0/23.0/28.0   |   19.5/22.0/25.0   |
+------------------+--------------------+--------------------+
|lwt               |50.850/55.575/66.150|46.800/54.000/58.500|
+------------------+--------------------+--------------------+
|race : white      |     56% 73/130     |     39% 23/ 59     |
+------------------+--------------------+--------------------+
|    black         |     12% 15/130     |     19% 11/ 59     |
+------------------+--------------------+--------------------+
|    other         |     32% 42/130     |     42% 25/ 59     |
+------------------+--------------------+--------------------+
|smoke : non-smoker|     66% 86/130     |     49% 29/ 59     |
+------------------+--------------------+--------------------+
|    smoker        |     34% 44/130     |     51% 30/ 59     |
+------------------+--------------------+--------------------+
|ht : 0            |     96% 125/130    |     88%  52/ 59    |
+------------------+--------------------+--------------------+
|    1             |      4%   5/130    |     12%   7/ 59    |
+------------------+--------------------+--------------------+
|ui : 0            |     89% 116/130    |     76%  45/ 59    |
+------------------+--------------------+--------------------+
|    1             |     11%  14/130    |     24%  14/ 59    |
+------------------+--------------------+--------------------+
|ftv : 0           |     49% 64/130     |     61% 36/ 59     |
+------------------+--------------------+--------------------+
|    1             |     28% 36/130     |     19% 11/ 59     |
+------------------+--------------------+--------------------+
|    2             |     23% 30/130     |     20% 12/ 59     |
+------------------+--------------------+--------------------+

Call:
glm(formula = fm, family = binomial, data = birthwt)

Deviance Residuals: 
   Min      1Q  Median      3Q     Max  
-1.647  -0.863  -0.559   1.100   2.079  

Coefficients:
            Estimate Std. Error z value Pr(>|z|)
(Intercept)  -0.3866     0.8979   -0.43   0.6668
lwt          -0.0266     0.0141   -1.89   0.0587
raceblack     1.3104     0.5097    2.57   0.0101
raceother     0.9557     0.4173    2.29   0.0220
smokesmoker   1.0292     0.3820    2.69   0.0071
ui            0.7785     0.4392    1.77   0.0763

(Dispersion parameter for binomial family taken to be 1)

    Null deviance: 234.67  on 188  degrees of freedom
Residual deviance: 211.91  on 183  degrees of freedom
AIC: 223.9

Number of Fisher Scoring iterations: 4

                 2.5 %       97.5 %
(Intercept) -2.1103878  1.433976583
lwt         -0.0560017 -0.000365032
raceblack    0.3131717  2.327859864
raceother    0.1518227  1.797076721
smokesmoker  0.2938670  1.800202392
ui          -0.0894648  1.645071327
smokesmoker 
    2.79874 
null device 
          1 
Logistic Regression Model
 
 lrm(formula = fm, data = birthwt, x = TRUE, y = TRUE)
 
                       Model Likelihood      Discrimination    Rank Discrim.    
                             Ratio Test             Indexes          Indexes    
 Obs           189    LR chi2     22.76      R2       0.160    C       0.702    
  0            130    d.f.            5      R2(5,189)0.090    Dxy     0.404    
  1             59    Pr(> chi2) 0.0004    R2(5,121.7)0.136    gamma   0.405    
 max |deriv| 2e-06                           Brier    0.192    tau-a   0.174    
 
              Coef    S.E.   Wald Z Pr(>|Z|)
 Intercept    -0.3866 0.8979 -0.43  0.6668  
 lwt          -0.0266 0.0141 -1.89  0.0587  
 race=black    1.3104 0.5097  2.57  0.0101  
 race=other    0.9557 0.4173  2.29  0.0220  
 smoke=smoker  1.0292 0.3820  2.69  0.0071  
 ui            0.7785 0.4392  1.77  0.0763  
 
null device 
          1 
          index.orig training    test optimism index.corrected  n
Dxy           0.4039   0.4376  0.3742   0.0634          0.3405 40
R2            0.1595   0.1867  0.1367   0.0500          0.1096 40
Intercept     0.0000   0.0000 -0.1273   0.1273         -0.1273 40
Slope         1.0000   1.0000  0.8245   0.1755          0.8245 40
Emax          0.0000   0.0000  0.0659   0.0659          0.0659 40
D             0.1151   0.1377  0.0971   0.0406          0.0745 40
U            -0.0106  -0.0106  0.0022  -0.0127          0.0022 40
Q             0.1257   0.1483  0.0949   0.0534          0.0723 40
B             0.1919   0.1860  0.1981  -0.0121          0.2039 40
g             0.9271   1.0151  0.8323   0.1828          0.7443 40
gp            0.1767   0.1875  0.1624   0.0251          0.1517 40
'data.frame':	56 obs. of  4 variables:
 $ bpress: Factor w/ 8 levels "<117","117-126",..: 1 1 1 1 1 1 1 2 2 2 ...
 $ chol  : Factor w/ 7 levels "<200","200-209",..: 1 2 3 4 5 6 7 1 2 3 ...
 $ hdis  : int  2 0 0 0 0 1 0 0 2 1 ...
 $ total : int  53 21 15 20 14 22 11 66 27 25 ...
         chol
bpress    <200 200-209 210-219 220-244 245-259 260-284 >284
  <117    0.04    0.00    0.00    0.00    0.00    0.05 0.00
  117-126 0.00    0.07    0.04    0.12    0.00    0.23 0.05
  127-136 0.03    0.00    0.10    0.02    0.00    0.08 0.14
  137-146 0.02    0.00    0.00    0.07    0.13    0.06 0.17
  147-156 0.05    0.00    0.00    0.10    0.11    0.25 0.06
  157-166 0.08    0.00    0.00    0.07    0.00    0.15 0.33
  167-186 0.14    0.00    0.00    0.07    0.40    0.38 0.21
  >186    0.20    0.00    0.50    0.10    0.14    0.14 0.14
  bpress hdis total      prop      yhat
1  111.5    3   156 0.0192308 0.0333004
2  121.5   17   252 0.0674603 0.0420903
3  131.5   12   284 0.0422535 0.0530730
4  141.5   16   271 0.0590406 0.0667218
5  151.5   12   139 0.0863309 0.0835709
6  161.5    8    85 0.0941176 0.1041998
7  176.5   16    99 0.1616162 0.1435229
8  191.5    8    43 0.1860465 0.1944642
'data.frame':	109 obs. of  2 variables:
 $ days : int  1 2 3 3 4 4 4 6 7 8 ...
 $ count: int  6 8 12 9 3 3 11 5 7 3 ...

Call:
glm(formula = count ~ days, family = poisson, data = schoolinf)

Deviance Residuals: 
    Min       1Q   Median       3Q      Max  
-2.0048  -0.8572  -0.0933   0.6397   1.7370  

Coefficients:
            Estimate Std. Error z value Pr(>|z|)
(Intercept)  1.99023    0.08394    23.7   <2e-16
days        -0.01746    0.00173   -10.1   <2e-16

(Dispersion parameter for poisson family taken to be 1)

    Null deviance: 215.36  on 108  degrees of freedom
Residual deviance: 101.17  on 107  degrees of freedom
AIC: 393.1

Number of Fisher Scoring iterations: 5


Call:
glm(formula = count ~ days, family = quasipoisson, data = schoolinf)

Deviance Residuals: 
    Min       1Q   Median       3Q      Max  
-2.0048  -0.8572  -0.0933   0.6397   1.7370  

Coefficients:
            Estimate Std. Error t value Pr(>|t|)
(Intercept)  1.99023    0.07479    26.6   <2e-16
days        -0.01746    0.00154   -11.3   <2e-16

(Dispersion parameter for quasipoisson family taken to be 0.793944)

    Null deviance: 215.36  on 108  degrees of freedom
Residual deviance: 101.17  on 107  degrees of freedom
AIC: NA

Number of Fisher Scoring iterations: 5

[1]  306   455  1010+  210   883  1022+
Call: survfit(formula = st ~ 1, data = lung)

       n events median 0.95LCL 0.95UCL
[1,] 228    165    310     285     363
Call: survfit(formula = st ~ 1, data = lung)

 time n.risk n.event survival std.err lower 95% CI upper 95% CI
    1    228       0    1.000  0.0000        1.000        1.000
   21    220       8    0.965  0.0122        0.941        0.989
   41    217       3    0.952  0.0142        0.924        0.980
   61    211       7    0.921  0.0179        0.887        0.957
   81    205       7    0.890  0.0207        0.851        0.932
  101    196       6    0.864  0.0227        0.821        0.910
  121    189       6    0.837  0.0245        0.791        0.887
  141    184       5    0.815  0.0257        0.766        0.867
  161    176       8    0.780  0.0275        0.728        0.836
  181    159      15    0.713  0.0301        0.656        0.774
Call:
survdiff(formula = st ~ sex, data = lung)

             N Observed Expected (O-E)^2/E (O-E)^2/V
sex=Male   138      112     91.6      4.55      10.3
sex=Female  90       53     73.4      5.68      10.3

 Chisq= 10.3  on 1 degrees of freedom, p= 0.001 
Call:
coxph(formula = st ~ sex, data = lung)

            coef exp(coef) se(coef)     z      p
sexFemale -0.531     0.588    0.167 -3.18 0.0015

Likelihood ratio test=10.6  on 1 df, p=0.00111
n= 228, number of events= 165 
Call:
coxph(formula = st ~ sex + strata(age), data = lung)

            coef exp(coef) se(coef)     z      p
sexFemale -0.645     0.525    0.212 -3.04 0.0024

Likelihood ratio test=9.79  on 1 df, p=0.00176
n= 228, number of events= 165 
status      N= 312  

+----------------+-----------+---+---+---+
|                |           |  N|  0|  1|
+----------------+-----------+---+---+---+
|              rx|    Placebo|158| 93| 65|
|                |       DPCA|154| 94| 60|
+----------------+-----------+---+---+---+
|             sex|          M| 36| 14| 22|
|                |          F|276|173|103|
+----------------+-----------+---+---+---+
|cut2(age, g = 4)|[26.3,42.3)| 78| 59| 19|
|                |[42.3,49.8)| 78| 52| 26|
|                |[49.8,56.8)| 78| 41| 37|
|                |[56.8,78.4]| 78| 35| 43|
+----------------+-----------+---+---+---+
|         Overall|           |312|187|125|
+----------------+-----------+---+---+---+
